<?xml version="1.0" encoding="UTF-8"?>
<!-- Generated by org.testng.reporters.JUnitXMLReporter -->
<testsuite ignored="1" hostname="ashishsri" failures="0" tests="2" name="Default test" time="34.663" errors="0" timestamp="2023-02-16T09:37:51 IST">
  <testcase classname="AllTestCases.toVerifySignupAndLoginTest" name="toVerifyLogin" time="9.216"/>
  <testcase classname="AllTestCases.toVerifySignupAndLoginTest" name="toVerifyLogin" time="8.592"/>
  <testcase classname="AllTestCases.toVerifySignupAndLoginTest" name="CreateSignup" time="0.0">
    <ignored/>
  </testcase> <!-- CreateSignup -->
</testsuite> <!-- Default test -->
