<?xml version="1.0" encoding="UTF-8"?>
<testng-results ignored="0" total="1" passed="1" failed="0" skipped="0">
  <reporter-output>
  </reporter-output>
  <suite started-at="2023-02-16T21:07:24 IST" name="Default suite" finished-at="2023-02-16T21:07:30 IST" duration-ms="5947">
    <groups>
    </groups>
    <test started-at="2023-02-16T21:07:24 IST" name="Default test" finished-at="2023-02-16T21:07:30 IST" duration-ms="5947">
      <class name="AllTestCases.ListClass">
        <test-method signature="testcase1()[pri:0, instance:AllTestCases.ListClass@10163d6]" started-at="2023-02-16T21:07:24 IST" name="testcase1" finished-at="2023-02-16T21:07:30 IST" duration-ms="5915" status="PASS">
          <reporter-output>
          </reporter-output>
        </test-method> <!-- testcase1 -->
      </class> <!-- AllTestCases.ListClass -->
    </test> <!-- Default test -->
  </suite> <!-- Default suite -->
</testng-results>
