<?xml version="1.0" encoding="UTF-8"?>
<testng-results ignored="1" total="3" passed="2" failed="0" skipped="0">
  <reporter-output>
  </reporter-output>
  <suite started-at="2023-02-16T09:37:16 IST" name="Default suite" finished-at="2023-02-16T09:37:51 IST" duration-ms="34663">
    <groups>
    </groups>
    <test started-at="2023-02-16T09:37:16 IST" name="Default test" finished-at="2023-02-16T09:37:51 IST" duration-ms="34663">
      <class name="AllTestCases.toVerifySignupAndLoginTest">
        <test-method is-config="true" signature="LaunchBrowser()[pri:0, instance:AllTestCases.toVerifySignupAndLoginTest@32ee6fee]" started-at="2023-02-16T09:37:16 IST" name="LaunchBrowser" finished-at="2023-02-16T09:37:27 IST" duration-ms="11016" status="PASS">
          <reporter-output>
          </reporter-output>
        </test-method> <!-- LaunchBrowser -->
        <test-method signature="toVerifyLogin(java.lang.String,java.lang.String)[pri:0, instance:AllTestCases.toVerifySignupAndLoginTest@32ee6fee]" started-at="2023-02-16T09:37:33 IST" name="toVerifyLogin" data-provider="logindetails" finished-at="2023-02-16T09:37:42 IST" duration-ms="9216" status="PASS">
          <params>
            <param index="0">
              <value>
                <![CDATA[warne14@gmail.com]]>
              </value>
            </param>
            <param index="1">
              <value>
                <![CDATA[Warne45#]]>
              </value>
            </param>
          </params>
          <reporter-output>
          </reporter-output>
        </test-method> <!-- toVerifyLogin -->
        <test-method signature="toVerifyLogin(java.lang.String,java.lang.String)[pri:0, instance:AllTestCases.toVerifySignupAndLoginTest@32ee6fee]" started-at="2023-02-16T09:37:42 IST" name="toVerifyLogin" data-provider="logindetails" finished-at="2023-02-16T09:37:50 IST" duration-ms="8592" status="PASS">
          <params>
            <param index="0">
              <value>
                <![CDATA[shane45@gmail.com]]>
              </value>
            </param>
            <param index="1">
              <value>
                <![CDATA[Shane55#]]>
              </value>
            </param>
          </params>
          <reporter-output>
          </reporter-output>
        </test-method> <!-- toVerifyLogin -->
        <test-method is-config="true" signature="tearDown()[pri:0, instance:AllTestCases.toVerifySignupAndLoginTest@32ee6fee]" started-at="2023-02-16T09:37:50 IST" name="tearDown" finished-at="2023-02-16T09:37:51 IST" duration-ms="407" status="PASS">
          <reporter-output>
          </reporter-output>
        </test-method> <!-- tearDown -->
      </class> <!-- AllTestCases.toVerifySignupAndLoginTest -->
    </test> <!-- Default test -->
  </suite> <!-- Default suite -->
</testng-results>
